5:C 22 Jul 2020 14:10:50.243 # oO0OoO0OoO0Oo Redis is starting oO0OoO0OoO0Oo
5:C 22 Jul 2020 14:10:50.243 # Redis version=5.0.5, bits=64, commit=00000000, modified=0, pid=5, just started
5:C 22 Jul 2020 14:10:50.243 # Configuration loaded
5:M 22 Jul 2020 14:10:50.244 * No cluster configuration found, I'm 90c756253267108ad7f16fcef5323c5f4d9ef125
5:M 22 Jul 2020 14:10:50.253 * Running mode=cluster, port=6379.
5:M 22 Jul 2020 14:10:50.253 # WARNING: The TCP backlog setting of 511 cannot be enforced because /proc/sys/net/core/somaxconn is set to the lower value of 128.
5:M 22 Jul 2020 14:10:50.253 # Server initialized
5:M 22 Jul 2020 14:10:50.253 # WARNING overcommit_memory is set to 0! Background save may fail under low memory condition. To fix this issue add 'vm.overcommit_memory = 1' to /etc/sysctl.conf and then reboot or run the command 'sysctl vm.overcommit_memory=1' for this to take effect.
5:M 22 Jul 2020 14:10:50.253 # WARNING you have Transparent Huge Pages (THP) support enabled in your kernel. This will create latency and memory usage issues with Redis. To fix this issue run the command 'echo never > /sys/kernel/mm/transparent_hugepage/enabled' as root, and add it to your /etc/rc.local in order to retain the setting after a reboot. Redis must be restarted after THP is disabled.
5:M 22 Jul 2020 14:10:50.253 * Ready to accept connections
5:M 23 Jul 2020 00:35:01.778 # Bad message length or signature received from Cluster bus.
5:M 23 Jul 2020 00:35:02.570 # Bad message length or signature received from Cluster bus.
5:M 23 Jul 2020 00:35:03.380 # Bad message length or signature received from Cluster bus.
5:M 23 Jul 2020 00:35:03.988 # Bad message length or signature received from Cluster bus.
5:M 23 Jul 2020 00:35:04.790 # Bad message length or signature received from Cluster bus.
5:M 23 Jul 2020 00:35:05.420 # Bad message length or signature received from Cluster bus.
5:M 23 Jul 2020 00:35:21.322 # Bad message length or signature received from Cluster bus.
5:M 23 Jul 2020 00:35:21.944 # Bad message length or signature received from Cluster bus.
5:M 23 Jul 2020 00:35:22.740 # Bad message length or signature received from Cluster bus.
5:M 23 Jul 2020 00:35:23.745 # Bad message length or signature received from Cluster bus.
5:M 23 Jul 2020 00:35:24.550 # Bad message length or signature received from Cluster bus.
5:M 23 Jul 2020 00:35:25.150 # Bad message length or signature received from Cluster bus.
5:M 23 Jul 2020 00:35:25.971 # Bad message length or signature received from Cluster bus.
5:M 23 Jul 2020 00:35:26.777 # Bad message length or signature received from Cluster bus.
5:M 23 Jul 2020 00:35:27.383 # Bad message length or signature received from Cluster bus.
5:M 23 Jul 2020 00:35:28.006 # Bad message length or signature received from Cluster bus.
5:M 23 Jul 2020 00:35:28.234 # Bad message length or signature received from Cluster bus.
5:M 23 Jul 2020 00:35:28.851 # Bad message length or signature received from Cluster bus.
5:M 23 Jul 2020 00:35:29.265 # Bad message length or signature received from Cluster bus.
5:M 23 Jul 2020 00:35:29.689 # Bad message length or signature received from Cluster bus.
5:M 23 Jul 2020 00:35:30.285 # Bad message length or signature received from Cluster bus.
5:M 23 Jul 2020 00:35:30.919 # Bad message length or signature received from Cluster bus.
5:M 23 Jul 2020 00:35:31.551 # Bad message length or signature received from Cluster bus.
5:M 23 Jul 2020 00:35:37.380 # Bad message length or signature received from Cluster bus.
5:M 23 Jul 2020 00:35:37.615 # Bad message length or signature received from Cluster bus.
5:M 23 Jul 2020 00:35:37.848 # Bad message length or signature received from Cluster bus.
5:M 23 Jul 2020 00:35:38.078 # Bad message length or signature received from Cluster bus.
5:M 23 Jul 2020 00:35:38.310 # Bad message length or signature received from Cluster bus.
5:M 23 Jul 2020 00:35:43.570 # Bad message length or signature received from Cluster bus.
5:M 23 Jul 2020 00:35:43.796 # Bad message length or signature received from Cluster bus.
5:M 23 Jul 2020 00:35:44.034 # Bad message length or signature received from Cluster bus.
5:M 23 Jul 2020 00:35:54.302 # Bad message length or signature received from Cluster bus.
5:M 23 Jul 2020 00:35:54.540 # Bad message length or signature received from Cluster bus.
5:M 23 Jul 2020 00:35:54.783 # Bad message length or signature received from Cluster bus.
5:M 23 Jul 2020 00:35:55.032 # Bad message length or signature received from Cluster bus.
5:M 23 Jul 2020 00:35:55.276 # Bad message length or signature received from Cluster bus.
5:M 23 Jul 2020 00:36:00.837 # Bad message length or signature received from Cluster bus.
5:M 23 Jul 2020 00:36:01.461 # Bad message length or signature received from Cluster bus.
5:M 23 Jul 2020 00:36:01.896 # Bad message length or signature received from Cluster bus.
5:M 23 Jul 2020 00:36:07.634 # Bad message length or signature received from Cluster bus.
5:M 23 Jul 2020 00:36:08.063 # Bad message length or signature received from Cluster bus.
5:M 23 Jul 2020 00:36:08.493 # Bad message length or signature received from Cluster bus.
5:M 23 Jul 2020 00:36:08.927 # Bad message length or signature received from Cluster bus.
5:M 23 Jul 2020 00:36:09.543 # Bad message length or signature received from Cluster bus.
5:M 23 Jul 2020 00:36:09.783 # Bad message length or signature received from Cluster bus.
5:M 23 Jul 2020 00:36:15.186 # Bad message length or signature received from Cluster bus.
5:M 23 Jul 2020 00:36:15.624 # Bad message length or signature received from Cluster bus.
5:M 23 Jul 2020 00:36:26.278 # Bad message length or signature received from Cluster bus.
5:M 23 Jul 2020 00:36:31.917 # Bad message length or signature received from Cluster bus.
5:M 23 Jul 2020 00:36:32.333 # Bad message length or signature received from Cluster bus.
5:M 23 Jul 2020 00:36:32.762 # Bad message length or signature received from Cluster bus.
5:M 23 Jul 2020 00:36:32.993 # Bad message length or signature received from Cluster bus.
5:M 23 Jul 2020 00:36:38.255 # Bad message length or signature received from Cluster bus.
5:M 23 Jul 2020 00:36:38.684 # Bad message length or signature received from Cluster bus.
5:M 23 Jul 2020 00:36:39.114 # Bad message length or signature received from Cluster bus.
5:M 23 Jul 2020 00:36:44.959 # Bad message length or signature received from Cluster bus.
5:M 23 Jul 2020 00:36:54.978 # Bad message length or signature received from Cluster bus.
5:M 23 Jul 2020 00:36:55.057 # Bad message length or signature received from Cluster bus.
5:M 23 Jul 2020 06:01:04.548 # Bad message length or signature received from Cluster bus.
5:M 23 Jul 2020 06:01:04.573 # Bad message length or signature received from Cluster bus.
5:M 23 Jul 2020 06:01:04.616 # Bad message length or signature received from Cluster bus.
5:M 23 Jul 2020 06:01:04.651 # Bad message length or signature received from Cluster bus.
5:C 23 Jul 2020 09:46:35.296 # oO0OoO0OoO0Oo Redis is starting oO0OoO0OoO0Oo
5:C 23 Jul 2020 09:46:35.296 # Redis version=5.0.5, bits=64, commit=00000000, modified=0, pid=5, just started
5:C 23 Jul 2020 09:46:35.296 # Configuration loaded
5:M 23 Jul 2020 09:46:35.300 * Node configuration loaded, I'm 90c756253267108ad7f16fcef5323c5f4d9ef125
5:M 23 Jul 2020 09:46:35.306 * Running mode=cluster, port=6379.
5:M 23 Jul 2020 09:46:35.306 # WARNING: The TCP backlog setting of 511 cannot be enforced because /proc/sys/net/core/somaxconn is set to the lower value of 128.
5:M 23 Jul 2020 09:46:35.306 # Server initialized
5:M 23 Jul 2020 09:46:35.306 # WARNING overcommit_memory is set to 0! Background save may fail under low memory condition. To fix this issue add 'vm.overcommit_memory = 1' to /etc/sysctl.conf and then reboot or run the command 'sysctl vm.overcommit_memory=1' for this to take effect.
5:M 23 Jul 2020 09:46:35.306 # WARNING you have Transparent Huge Pages (THP) support enabled in your kernel. This will create latency and memory usage issues with Redis. To fix this issue run the command 'echo never > /sys/kernel/mm/transparent_hugepage/enabled' as root, and add it to your /etc/rc.local in order to retain the setting after a reboot. Redis must be restarted after THP is disabled.
5:M 23 Jul 2020 09:46:35.306 * Ready to accept connections
